<?xml version="1.0" encoding="UTF-8"?>
<!-- Generated by org.testng.reporters.JUnitXMLReporter -->
<testsuite ignored="0" hostname="BDC7-D-FMZXQG2" failures="0" tests="3" name="Test1" time="23.065" errors="0" timestamp="20 May 2018 06:04:24 GMT">
  <testcase classname="com.testPage.NewTestPage" name="testMercuryToursWelcome" time="3.796"/>
  <testcase classname="com.testPage.NewTestPage" name="testMercuryToursRegister" time="4.681"/>
  <testcase classname="com.testPage.NewTestPage" name="testMercuryToursLogin" time="7.337"/>
</testsuite> <!-- Test1 -->
