<?xml version="1.0" encoding="UTF-8"?>
<!-- Generated by org.testng.reporters.JUnitXMLReporter -->
<testsuite ignored="0" hostname="BDC7-D-FMZXQG2" failures="0" tests="3" name="Default test" time="27.894" errors="0" timestamp="20 May 2018 05:19:04 GMT">
  <testcase classname="com.testPage.NewTestPage" name="testMercuryToursWelcome" time="5.652"/>
  <testcase classname="com.testPage.NewTestPage" name="testMercuryToursRegister" time="5.221"/>
  <testcase classname="com.testPage.NewTestPage" name="testMercuryToursLogin" time="3.991"/>
</testsuite> <!-- Default test -->
